{
  "stats": {
    "suites": 1,
    "tests": 1,
    "passes": 1,
    "pending": 0,
    "failures": 0,
    "start": "2025-02-19T17:14:11.642Z",
    "end": "2025-02-19T17:14:17.506Z",
    "duration": 5864,
    "testsRegistered": 1,
    "passPercent": 100,
    "pendingPercent": 0,
    "other": 0,
    "hasOther": false,
    "skipped": 0,
    "hasSkipped": false
  },
  "results": [
    {
      "uuid": "7f7a433d-f20c-4e90-aa34-2e6e85cb68ca",
      "title": "",
      "fullFile": "cypress\\e2e\\registration.cy.js",
      "file": "cypress\\e2e\\registration.cy.js",
      "beforeHooks": [],
      "afterHooks": [],
      "tests": [],
      "suites": [
        {
          "uuid": "8b0771f2-4ebe-4903-a5a6-6927c22e4395",
          "title": "template spec",
          "fullFile": "",
          "file": "",
          "beforeHooks": [],
          "afterHooks": [],
          "tests": [
            {
              "title": "passes",
              "fullTitle": "template spec passes",
              "timedOut": null,
              "duration": 5808,
              "state": "passed",
              "speed": "medium",
              "pass": true,
              "fail": false,
              "pending": false,
              "context": null,
              "code": "cy.visit('https://parabank.parasoft.com/parabank/index.htm');\ncy.get('#loginPanel > :nth-child(3) > a').click();\ncy.get(\"input[id='customer.firstName']\").type('Talla');\ncy.get(\"input[id='customer.lastName']\").type('MBA');\ncy.get(\"input[id='customer.address.street']\").type('2 place du marché');\ncy.get(\"input[id='customer.address.city']\").type(\"Cergy\");\ncy.get(\"input[id='customer.address.state']\").type(\"France\");\ncy.get(\"input[id='customer.address.zipCode']\").type(\"95280\");\ncy.get(\"input[id='customer.phoneNumber']\").type(\"0789784534\");\ncy.get(\"input[id='customer.ssn']\").type(\"0000\");\ncy.get(\"input[id='customer.username']\").type(\"Toma\");\ncy.get(\"input[id='customer.password']\").type(\"Mba2022\");\ncy.get(\"input[id='repeatedPassword']\").type(\"Mba2022\");\ncy.get(\"input[value='Register']\").click();\n// cy.get('.title').should('contain', 'Welcome Toma')",
              "err": {},
              "uuid": "33a75464-284d-432f-95a2-1566bc716fbe",
              "parentUUID": "8b0771f2-4ebe-4903-a5a6-6927c22e4395",
              "isHook": false,
              "skipped": false
            }
          ],
          "suites": [],
          "passes": [
            "33a75464-284d-432f-95a2-1566bc716fbe"
          ],
          "failures": [],
          "pending": [],
          "skipped": [],
          "duration": 5808,
          "root": false,
          "rootEmpty": false,
          "_timeout": 2000
        }
      ],
      "passes": [],
      "failures": [],
      "pending": [],
      "skipped": [],
      "duration": 0,
      "root": true,
      "rootEmpty": true,
      "_timeout": 2000
    }
  ],
  "meta": {
    "mocha": {
      "version": "7.0.1"
    },
    "mochawesome": {
      "options": {
        "quiet": false,
        "reportFilename": "mochawesome",
        "saveHtml": true,
        "saveJson": true,
        "consoleReporter": "spec",
        "useInlineDiffs": false,
        "code": true
      },
      "version": "7.1.3"
    },
    "marge": {
      "options": null,
      "version": "6.2.0"
    }
  }
}